#
# A fatal error has been detected by the Java Runtime Environment:
#
#  EXCEPTION_ACCESS_VIOLATION (0xc0000005) at pc=0x000000000d706f93, pid=5248, tid=3580
#
# JRE version: Java(TM) SE Runtime Environment (8.0_25-b18) (build 1.8.0_25-b18)
# Java VM: Java HotSpot(TM) 64-Bit Server VM (25.25-b02 mixed mode windows-amd64 compressed oops)
# Problematic frame:
# C  [CLIPSJNI.dll+0x16f93]
#
# Failed to write core dump. Minidumps are not enabled by default on client versions of Windows
#
# If you would like to submit a bug report, please visit:
#   http://bugreport.sun.com/bugreport/crash.jsp
# The crash happened outside the Java Virtual Machine in native code.
# See problematic frame for where to report the bug.
#

---------------  T H R E A D  ---------------

Current thread (0x000000000a34e000):  JavaThread "AWT-EventQueue-0" [_thread_in_native, id=3580, stack(0x000000000bdb0000,0x000000000beb0000)]

siginfo: ExceptionCode=0xc0000005, reading address 0x0000000000000018

Registers:
RAX=0x0000000000000000, RBX=0x000000000a34e1e8, RCX=0x000000000a34e1e8, RDX=0x000000000a32d110
RSP=0x000000000beac9e0, RBP=0x000000000b516b20, RSI=0x0000000000000000, RDI=0x000000000a34e1e8
R8 =0x000000000b4d2710, R9 =0x000000000d706f75, R10=0x000000005cf3caa0, R11=0x0000000000000000
R12=0x000000000beacab0, R13=0x000000000b516b20, R14=0x000000000beacb20, R15=0x000000000a34e000
RIP=0x000000000d706f93, EFLAGS=0x0000000000010202

Top of Stack: (sp=0x000000000beac9e0)
0x000000000beac9e0:   000000000b516b20 000000007772307a
0x000000000beac9f0:   0000000000000000 000000000b6fac50
0x000000000beaca00:   000000000beacb50 0000000000000000
0x000000000beaca10:   00000000d80fc1a8 000000000d706d3a
0x000000000beaca20:   000000000a34e1e8 000000000b516b20
0x000000000beaca30:   000000000a34e1e8 000000000beacb20
0x000000000beaca40:   0000000000000000 000000005c9006e1
0x000000000beaca50:   000000000a34e000 000000000beacb50
0x000000000beaca60:   00000000d805ea08 000000000beacb20
0x000000000beaca70:   000000000b6fac50 000000000d7072cc
0x000000000beaca80:   000000000b6fac50 000000000a34e1e8
0x000000000beaca90:   000000000beacb20 0000000000000000
0x000000000beacaa0:   0000000000000000 0000000000000000
0x000000000beacab0:   0000000000000000 0000000000000000
0x000000000beacac0:   0000000000000000 0000000000000000
0x000000000beacad0:   0000000000000000 0000000000000000 

Instructions: (pc=0x000000000d706f93)
0x000000000d706f73:   ff ff 48 8b 45 28 4c 8b 17 48 8b cf 48 8b 90 18
0x000000000d706f83:   02 00 00 48 8b 44 24 60 4c 8b 42 18 48 8b 52 10
0x000000000d706f93:   f2 0f 10 58 18 66 49 0f 7e d9 41 ff 92 e0 00 00
0x000000000d706fa3:   00 48 8b 4d 28 48 8b 91 18 02 00 00 4c 8b 42 60 


Register to memory mapping:

RAX=0x0000000000000000 is an unknown value
RBX=0x000000000a34e1e8 is an unknown value
RCX=0x000000000a34e1e8 is an unknown value
RDX=0x000000000a32d110 is a global jni handle
RSP=0x000000000beac9e0 is pointing into the stack for thread: 0x000000000a34e000
RBP=0x000000000b516b20 is an unknown value
RSI=0x0000000000000000 is an unknown value
RDI=0x000000000a34e1e8 is an unknown value
R8 =0x000000000b4d2710 is an unknown value
R9 =0x000000000d706f75 is an unknown value
R10=0x000000005cf3caa0 is an unknown value
R11=0x0000000000000000 is an unknown value
R12=0x000000000beacab0 is pointing into the stack for thread: 0x000000000a34e000
R13=0x000000000b516b20 is an unknown value
R14=0x000000000beacb20 is pointing into the stack for thread: 0x000000000a34e000
R15=0x000000000a34e000 is a thread


Stack: [0x000000000bdb0000,0x000000000beb0000],  sp=0x000000000beac9e0,  free space=1010k
Native frames: (J=compiled Java code, j=interpreted, Vv=VM code, C=native code)
C  [CLIPSJNI.dll+0x16f93]
C  [CLIPSJNI.dll+0x16d3a]
C  [CLIPSJNI.dll+0x172cc]
C  0x000000000f312471

Java frames: (J=compiled Java code, j=interpreted, Vv=VM code)
J 849  CLIPSJNI.Environment.getFactSlot(LCLIPSJNI/Environment;JJLjava/lang/String;)LCLIPSJNI/PrimitiveValue; (0 bytes) @ 0x000000000f3123f3 [0x000000000f312380+0x73]
J 808 C1 CLIPSJNI.FactAddressValue.getFactSlot(Ljava/lang/String;)LCLIPSJNI/PrimitiveValue; (6 bytes) @ 0x000000000f2fba1c [0x000000000f2fb600+0x41c]
J 855 C1 ejemplojni.Principal.Procesar()V (102 bytes) @ 0x000000000f317f94 [0x000000000f317200+0xd94]
j  ejemplojni.Principal.btnIniciarActionPerformed(Ljava/awt/event/ActionEvent;)V+60
j  ejemplojni.Principal.access$000(Lejemplojni/Principal;Ljava/awt/event/ActionEvent;)V+2
j  ejemplojni.Principal$1.actionPerformed(Ljava/awt/event/ActionEvent;)V+5
j  javax.swing.AbstractButton.fireActionPerformed(Ljava/awt/event/ActionEvent;)V+83
j  javax.swing.AbstractButton$Handler.actionPerformed(Ljava/awt/event/ActionEvent;)V+5
j  javax.swing.DefaultButtonModel.fireActionPerformed(Ljava/awt/event/ActionEvent;)V+34
j  javax.swing.DefaultButtonModel.setPressed(Z)V+117
j  javax.swing.plaf.basic.BasicButtonListener.mouseReleased(Ljava/awt/event/MouseEvent;)V+35
j  java.awt.Component.processMouseEvent(Ljava/awt/event/MouseEvent;)V+64
j  javax.swing.JComponent.processMouseEvent(Ljava/awt/event/MouseEvent;)V+23
j  java.awt.Component.processEvent(Ljava/awt/AWTEvent;)V+81
j  java.awt.Container.processEvent(Ljava/awt/AWTEvent;)V+18
j  java.awt.Component.dispatchEventImpl(Ljava/awt/AWTEvent;)V+589
j  java.awt.Container.dispatchEventImpl(Ljava/awt/AWTEvent;)V+42
j  java.awt.Component.dispatchEvent(Ljava/awt/AWTEvent;)V+2
j  java.awt.LightweightDispatcher.retargetMouseEvent(Ljava/awt/Component;ILjava/awt/event/MouseEvent;)V+327
j  java.awt.LightweightDispatcher.processMouseEvent(Ljava/awt/event/MouseEvent;)Z+143
j  java.awt.LightweightDispatcher.dispatchEvent(Ljava/awt/AWTEvent;)Z+50
j  java.awt.Container.dispatchEventImpl(Ljava/awt/AWTEvent;)V+12
j  java.awt.Window.dispatchEventImpl(Ljava/awt/AWTEvent;)V+19
j  java.awt.Component.dispatchEvent(Ljava/awt/AWTEvent;)V+2
j  java.awt.EventQueue.dispatchEventImpl(Ljava/awt/AWTEvent;Ljava/lang/Object;)V+41
j  java.awt.EventQueue.access$400(Ljava/awt/EventQueue;Ljava/awt/AWTEvent;Ljava/lang/Object;)V+3
j  java.awt.EventQueue$3.run()Ljava/lang/Void;+32
j  java.awt.EventQueue$3.run()Ljava/lang/Object;+1
v  ~StubRoutines::call_stub
j  java.security.AccessController.doPrivileged(Ljava/security/PrivilegedAction;Ljava/security/AccessControlContext;)Ljava/lang/Object;+0
j  java.security.ProtectionDomain$1.doIntersectionPrivilege(Ljava/security/PrivilegedAction;Ljava/security/AccessControlContext;Ljava/security/AccessControlContext;)Ljava/lang/Object;+28
j  java.security.ProtectionDomain$1.doIntersectionPrivilege(Ljava/security/PrivilegedAction;Ljava/security/AccessControlContext;)Ljava/lang/Object;+6
j  java.awt.EventQueue$4.run()Ljava/lang/Void;+11
j  java.awt.EventQueue$4.run()Ljava/lang/Object;+1
v  ~StubRoutines::call_stub
j  java.security.AccessController.doPrivileged(Ljava/security/PrivilegedAction;Ljava/security/AccessControlContext;)Ljava/lang/Object;+0
j  java.security.ProtectionDomain$1.doIntersectionPrivilege(Ljava/security/PrivilegedAction;Ljava/security/AccessControlContext;Ljava/security/AccessControlContext;)Ljava/lang/Object;+28
j  java.awt.EventQueue.dispatchEvent(Ljava/awt/AWTEvent;)V+73
j  java.awt.EventDispatchThread.pumpOneEventForFilters(I)V+245
j  java.awt.EventDispatchThread.pumpEventsForFilter(ILjava/awt/Conditional;Ljava/awt/EventFilter;)V+35
j  java.awt.EventDispatchThread.pumpEventsForHierarchy(ILjava/awt/Conditional;Ljava/awt/Component;)V+11
j  java.awt.EventDispatchThread.pumpEvents(ILjava/awt/Conditional;)V+4
j  java.awt.EventDispatchThread.pumpEvents(Ljava/awt/Conditional;)V+3
j  java.awt.EventDispatchThread.run()V+9
v  ~StubRoutines::call_stub

---------------  P R O C E S S  ---------------

Java Threads: ( => current thread )
  0x000000000b6ef000 JavaThread "D3D Screen Updater" daemon [_thread_blocked, id=5940, stack(0x000000000ddc0000,0x000000000dec0000)]
  0x00000000024de000 JavaThread "DestroyJavaVM" [_thread_blocked, id=5360, stack(0x00000000024e0000,0x00000000025e0000)]
=>0x000000000a34e000 JavaThread "AWT-EventQueue-0" [_thread_in_native, id=3580, stack(0x000000000bdb0000,0x000000000beb0000)]
  0x000000000a328800 JavaThread "AWT-Windows" daemon [_thread_in_native, id=4324, stack(0x000000000ac40000,0x000000000ad40000)]
  0x000000000a326800 JavaThread "AWT-Shutdown" [_thread_blocked, id=5160, stack(0x000000000ab30000,0x000000000ac30000)]
  0x000000000a322000 JavaThread "Java2D Disposer" daemon [_thread_blocked, id=6048, stack(0x000000000a970000,0x000000000aa70000)]
  0x000000000a032000 JavaThread "Service Thread" daemon [_thread_blocked, id=6084, stack(0x000000000a710000,0x000000000a810000)]
  0x000000000881d000 JavaThread "C1 CompilerThread2" daemon [_thread_blocked, id=6952, stack(0x00000000099b0000,0x0000000009ab0000)]
  0x000000000881b000 JavaThread "C2 CompilerThread1" daemon [_thread_blocked, id=6376, stack(0x000000000a4c0000,0x000000000a5c0000)]
  0x0000000008816800 JavaThread "C2 CompilerThread0" daemon [_thread_blocked, id=7120, stack(0x0000000009ea0000,0x0000000009fa0000)]
  0x0000000008815000 JavaThread "Attach Listener" daemon [_thread_blocked, id=6224, stack(0x0000000009d80000,0x0000000009e80000)]
  0x0000000008812000 JavaThread "Signal Dispatcher" daemon [_thread_blocked, id=3232, stack(0x0000000009c20000,0x0000000009d20000)]
  0x00000000087b4000 JavaThread "Finalizer" daemon [_thread_blocked, id=6488, stack(0x0000000009ac0000,0x0000000009bc0000)]
  0x00000000087ab000 JavaThread "Reference Handler" daemon [_thread_blocked, id=520, stack(0x0000000009870000,0x0000000009970000)]

Other Threads:
  0x00000000087a5000 VMThread [stack: 0x0000000009700000,0x0000000009800000] [id=6416]
  0x000000000a035800 WatcherThread [stack: 0x000000000a810000,0x000000000a910000] [id=4772]

VM state:not at safepoint (normal execution)

VM Mutex/Monitor currently owned by a thread: None

Heap:
 PSYoungGen      total 38400K, used 5874K [0x00000000d5f00000, 0x00000000d8980000, 0x0000000100000000)
  eden space 33280K, 11% used [0x00000000d5f00000,0x00000000d62a8a08,0x00000000d7f80000)
  from space 5120K, 41% used [0x00000000d7f80000,0x00000000d8194010,0x00000000d8480000)
  to   space 5120K, 0% used [0x00000000d8480000,0x00000000d8480000,0x00000000d8980000)
 ParOldGen       total 87552K, used 16K [0x0000000081c00000, 0x0000000087180000, 0x00000000d5f00000)
  object space 87552K, 0% used [0x0000000081c00000,0x0000000081c04000,0x0000000087180000)
 Metaspace       used 11632K, capacity 11798K, committed 12032K, reserved 1060864K
  class space    used 1471K, capacity 1511K, committed 1536K, reserved 1048576K

Card table byte_map: [0x0000000002da0000,0x00000000031a0000] byte_map_base: 0x0000000002992000

Marking Bits: (ParMarkBitMap*) 0x000000005cfad490
 Begin Bits: [0x0000000003b00000, 0x0000000005a90000)
 End Bits:   [0x0000000005a90000, 0x0000000007a20000)

Polling page: 0x0000000000230000

CodeCache: size=245760Kb used=3135Kb max_used=3135Kb free=242624Kb
 bounds [0x000000000f010000, 0x000000000f330000, 0x000000001e010000]
 total_blobs=1358 nmethods=861 adapters=411
 compilation: enabled

Compilation events (10 events):
Event: 3.573 Thread 0x000000000881d000  860       3       java.text.DateFormatSymbols::copyMembers (155 bytes)
Event: 3.573 Thread 0x000000000881d000 nmethod 860 0x000000000f31f050 code [0x000000000f31f2a0, 0x000000000f3202a8]
Event: 3.573 Thread 0x000000000881d000  858   !   3       java.util.regex.Pattern::matcher (44 bytes)
Event: 3.573 Thread 0x000000000881d000 nmethod 858 0x000000000f320790 code [0x000000000f320920, 0x000000000f320d78]
Event: 3.573 Thread 0x000000000881d000  856       3       java.lang.NullPointerException::<init> (5 bytes)
Event: 3.574 Thread 0x000000000881d000 nmethod 856 0x000000000f320e90 code [0x000000000f321000, 0x000000000f321248]
Event: 3.574 Thread 0x000000000881d000  857       3       java.lang.RuntimeException::<init> (5 bytes)
Event: 3.574 Thread 0x000000000881d000 nmethod 857 0x000000000f321350 code [0x000000000f3214e0, 0x000000000f321848]
Event: 3.578 Thread 0x000000000881d000  861   !   3       java.io.PrintStream::flush (35 bytes)
Event: 3.578 Thread 0x000000000881d000 nmethod 861 0x000000000f321990 code [0x000000000f321b20, 0x000000000f322078]

GC Heap History (2 events):
Event: 3.411 GC heap before
{Heap before GC invocations=1 (full 0):
 PSYoungGen      total 38400K, used 33280K [0x00000000d5f00000, 0x00000000d8980000, 0x0000000100000000)
  eden space 33280K, 100% used [0x00000000d5f00000,0x00000000d7f80000,0x00000000d7f80000)
  from space 5120K, 0% used [0x00000000d8480000,0x00000000d8480000,0x00000000d8980000)
  to   space 5120K, 0% used [0x00000000d7f80000,0x00000000d7f80000,0x00000000d8480000)
 ParOldGen       total 87552K, used 0K [0x0000000081c00000, 0x0000000087180000, 0x00000000d5f00000)
  object space 87552K, 0% used [0x0000000081c00000,0x0000000081c00000,0x0000000087180000)
 Metaspace       used 11610K, capacity 11798K, committed 12032K, reserved 1060864K
  class space    used 1471K, capacity 1511K, committed 1536K, reserved 1048576K
Event: 3.415 GC heap after
Heap after GC invocations=1 (full 0):
 PSYoungGen      total 38400K, used 2128K [0x00000000d5f00000, 0x00000000d8980000, 0x0000000100000000)
  eden space 33280K, 0% used [0x00000000d5f00000,0x00000000d5f00000,0x00000000d7f80000)
  from space 5120K, 41% used [0x00000000d7f80000,0x00000000d8194010,0x00000000d8480000)
  to   space 5120K, 0% used [0x00000000d8480000,0x00000000d8480000,0x00000000d8980000)
 ParOldGen       total 87552K, used 16K [0x0000000081c00000, 0x0000000087180000, 0x00000000d5f00000)
  object space 87552K, 0% used [0x0000000081c00000,0x0000000081c04000,0x0000000087180000)
 Metaspace       used 11610K, capacity 11798K, committed 12032K, reserved 1060864K
  class space    used 1471K, capacity 1511K, committed 1536K, reserved 1048576K
}

Deoptimization events (0 events):
No events

Internal exceptions (10 events):
Event: 0.257 Thread 0x000000000a34e000 Exception <a 'java/security/PrivilegedActionException'> (0x00000000d65ba0c8) thrown at [D:\re\workspace\8-2-build-windows-amd64-cygwin\jdk8u25\1677\hotspot\src\share\vm\prims\jvm.cpp, line 1312]
Event: 0.257 Thread 0x000000000a34e000 Exception <a 'java/security/PrivilegedActionException'> (0x00000000d65bbd20) thrown at [D:\re\workspace\8-2-build-windows-amd64-cygwin\jdk8u25\1677\hotspot\src\share\vm\prims\jvm.cpp, line 1312]
Event: 0.257 Thread 0x000000000a34e000 Exception <a 'java/security/PrivilegedActionException'> (0x00000000d65be680) thrown at [D:\re\workspace\8-2-build-windows-amd64-cygwin\jdk8u25\1677\hotspot\src\share\vm\prims\jvm.cpp, line 1312]
Event: 0.257 Thread 0x000000000a34e000 Exception <a 'java/security/PrivilegedActionException'> (0x00000000d65c0ea8) thrown at [D:\re\workspace\8-2-build-windows-amd64-cygwin\jdk8u25\1677\hotspot\src\share\vm\prims\jvm.cpp, line 1312]
Event: 1.643 Thread 0x000000000a34e000 Exception <a 'java/security/PrivilegedActionException'> (0x00000000d6610488) thrown at [D:\re\workspace\8-2-build-windows-amd64-cygwin\jdk8u25\1677\hotspot\src\share\vm\prims\jvm.cpp, line 1312]
Event: 1.643 Thread 0x000000000a34e000 Exception <a 'java/security/PrivilegedActionException'> (0x00000000d6611aa8) thrown at [D:\re\workspace\8-2-build-windows-amd64-cygwin\jdk8u25\1677\hotspot\src\share\vm\prims\jvm.cpp, line 1312]
Event: 1.655 Thread 0x000000000a34e000 Exception <a 'java/security/PrivilegedActionException'> (0x00000000d6700e58) thrown at [D:\re\workspace\8-2-build-windows-amd64-cygwin\jdk8u25\1677\hotspot\src\share\vm\prims\jvm.cpp, line 1312]
Event: 1.655 Thread 0x000000000a34e000 Exception <a 'java/security/PrivilegedActionException'> (0x00000000d6702158) thrown at [D:\re\workspace\8-2-build-windows-amd64-cygwin\jdk8u25\1677\hotspot\src\share\vm\prims\jvm.cpp, line 1312]
Event: 1.671 Thread 0x000000000a34e000 Exception <a 'java/security/PrivilegedActionException'> (0x00000000d6737ba0) thrown at [D:\re\workspace\8-2-build-windows-amd64-cygwin\jdk8u25\1677\hotspot\src\share\vm\prims\jvm.cpp, line 1312]
Event: 1.671 Thread 0x000000000a34e000 Exception <a 'java/security/PrivilegedActionException'> (0x00000000d67391c0) thrown at [D:\re\workspace\8-2-build-windows-amd64-cygwin\jdk8u25\1677\hotspot\src\share\vm\prims\jvm.cpp, line 1312]

Events (10 events):
Event: 1.672 loading class sun/util/locale/provider/DateFormatSymbolsProviderImpl
Event: 1.672 loading class sun/util/locale/provider/DateFormatSymbolsProviderImpl done
Event: 1.672 loading class java/util/Formattable
Event: 1.672 loading class java/util/Formattable done
Event: 1.893 loading class sun/misc/FDBigInteger
Event: 1.893 loading class sun/misc/FDBigInteger done
Event: 1.948 Thread 0x000000000a34e000 DEOPT PACKING pc=0x000000000f25d723 sp=0x000000000beac560
Event: 1.948 Thread 0x000000000a34e000 DEOPT UNPACKING pc=0x000000000f0575bf sp=0x000000000beac378 mode 0
Event: 3.411 Executing VM operation: ParallelGCFailedAllocation
Event: 3.415 Executing VM operation: ParallelGCFailedAllocation done


Dynamic libraries:
0x000000013f2e0000 - 0x000000013f314000 	C:\Program Files\Java\jdk1.8.0_25\bin\java.exe
0x0000000077920000 - 0x0000000077ac9000 	C:\Windows\SYSTEM32\ntdll.dll
0x0000000077700000 - 0x000000007781f000 	C:\Windows\system32\kernel32.dll
0x000007fefd920000 - 0x000007fefd98b000 	C:\Windows\system32\KERNELBASE.dll
0x000007feff000000 - 0x000007feff0db000 	C:\Windows\system32\ADVAPI32.dll
0x000007fefea70000 - 0x000007fefeb0f000 	C:\Windows\system32\msvcrt.dll
0x000007feffa60000 - 0x000007feffa7f000 	C:\Windows\SYSTEM32\sechost.dll
0x000007feff8a0000 - 0x000007feff9cd000 	C:\Windows\system32\RPCRT4.dll
0x0000000077820000 - 0x000000007791a000 	C:\Windows\system32\USER32.dll
0x000007feff830000 - 0x000007feff897000 	C:\Windows\system32\GDI32.dll
0x000007feffa80000 - 0x000007feffa8e000 	C:\Windows\system32\LPK.dll
0x000007feff470000 - 0x000007feff539000 	C:\Windows\system32\USP10.dll
0x000007fefbf90000 - 0x000007fefc184000 	C:\Windows\WinSxS\amd64_microsoft.windows.common-controls_6595b64144ccf1df_6.0.7601.17514_none_fa396087175ac9ac\COMCTL32.dll
0x000007fefeb60000 - 0x000007fefebd1000 	C:\Windows\system32\SHLWAPI.dll
0x000007fefefd0000 - 0x000007fefeffe000 	C:\Windows\system32\IMM32.DLL
0x000007feff2c0000 - 0x000007feff3c9000 	C:\Windows\system32\MSCTF.dll
0x000007fefd820000 - 0x000007fefd861000 	C:\Windows\system32\nvinitx.dll
0x000000000f000000 - 0x000000000f006000 	C:\Program Files\NVIDIA Corporation\CoProcManager\_etoured.dll
0x000007fefacb0000 - 0x000007fefad06000 	C:\Program Files\NVIDIA Corporation\CoProcManager\nvd3d9wrapx.dll
0x000007feff0e0000 - 0x000007feff2b7000 	C:\Windows\system32\SETUPAPI.dll
0x000007fefd9b0000 - 0x000007fefd9e6000 	C:\Windows\system32\CFGMGR32.dll
0x000007feff540000 - 0x000007feff617000 	C:\Windows\system32\OLEAUT32.dll
0x000007feff620000 - 0x000007feff823000 	C:\Windows\system32\ole32.dll
0x000007fefd990000 - 0x000007fefd9aa000 	C:\Windows\system32\DEVOBJ.dll
0x000007fefa7a0000 - 0x000007fefa7dd000 	C:\Program Files\NVIDIA Corporation\CoProcManager\nvdxgiwrapx.dll
0x0000000069df0000 - 0x0000000069ec2000 	C:\Program Files\Java\jdk1.8.0_25\jre\bin\msvcr100.dll
0x000000005c7d0000 - 0x000000005d02a000 	C:\Program Files\Java\jdk1.8.0_25\jre\bin\server\jvm.dll
0x000007feed540000 - 0x000007feed549000 	C:\Windows\system32\WSOCK32.dll
0x000007fefeb10000 - 0x000007fefeb5d000 	C:\Windows\system32\WS2_32.dll
0x000007feff9d0000 - 0x000007feff9d8000 	C:\Windows\system32\NSI.dll
0x000007fefa760000 - 0x000007fefa79b000 	C:\Windows\system32\WINMM.dll
0x0000000077af0000 - 0x0000000077af7000 	C:\Windows\system32\PSAPI.DLL
0x0000000061800000 - 0x000000006180f000 	C:\Program Files\Java\jdk1.8.0_25\jre\bin\verify.dll
0x0000000061390000 - 0x00000000613b8000 	C:\Program Files\Java\jdk1.8.0_25\jre\bin\java.dll
0x0000000061420000 - 0x0000000061436000 	C:\Program Files\Java\jdk1.8.0_25\jre\bin\zip.dll
0x000007fefdc40000 - 0x000007fefe9c8000 	C:\Windows\system32\SHELL32.dll
0x000007fefd870000 - 0x000007fefd87f000 	C:\Windows\system32\profapi.dll
0x000000005e100000 - 0x000000005e298000 	C:\Program Files\Java\jdk1.8.0_25\jre\bin\awt.dll
0x000007fefbf30000 - 0x000007fefbf86000 	C:\Windows\system32\uxtheme.dll
0x000007fefb470000 - 0x000007fefb488000 	C:\Windows\system32\dwmapi.dll
0x000007fefd750000 - 0x000007fefd75f000 	C:\Windows\system32\CRYPTBASE.dll
0x000000005db30000 - 0x000000005db77000 	C:\Program Files\Java\jdk1.8.0_25\jre\bin\fontmanager.dll
0x000007fef5a10000 - 0x000007fef5c0f000 	C:\Windows\system32\d3d9.dll
0x000007fefc960000 - 0x000007fefc96c000 	C:\Windows\system32\VERSION.dll
0x000007fefc680000 - 0x000007fefc687000 	C:\Windows\system32\d3d8thk.dll
0x000007fef92a0000 - 0x000007fef93b8000 	C:\Windows\system32\nvumdshimx.dll
0x000007fee9270000 - 0x000007feea397000 	C:\Windows\system32\nvd3dumx.dll
0x000007fefc6e0000 - 0x000007fefc70c000 	C:\Windows\system32\powrprof.dll
0x0000000180000000 - 0x0000000180154000 	C:\Program Files (x86)\NVIDIA Corporation\3D Vision\nvSCPAPI64.dll
0x0000000061400000 - 0x000000006141a000 	C:\Program Files\Java\jdk1.8.0_25\jre\bin\net.dll
0x000007fefd050000 - 0x000007fefd0a5000 	C:\Windows\system32\mswsock.dll
0x000007fefd040000 - 0x000007fefd047000 	C:\Windows\System32\wship6.dll
0x00000000612c0000 - 0x00000000612d1000 	C:\Program Files\Java\jdk1.8.0_25\jre\bin\nio.dll
0x000000005b5a0000 - 0x000000005b5e1000 	C:\Program Files\Java\jdk1.8.0_25\jre\bin\t2k.dll
0x000000000d6f0000 - 0x000000000d800000 	C:\Windows\System32\CLIPSJNI.dll
0x000007feff3d0000 - 0x000007feff469000 	C:\Windows\system32\CLBCatQ.DLL
0x0000000060ee0000 - 0x0000000060f0a000 	C:\Program Files\Java\jdk1.8.0_25\jre\bin\dcpr.dll
0x000007feee020000 - 0x000007feee145000 	C:\Windows\system32\dbghelp.dll

VM Arguments:
jvm_args: -Dfile.encoding=UTF-8 
java_command: ejemplojni.Principal
java_class_path (initial): D:\Recientes\IA\Trabajo\EjemploJNI\CLIPSJNI.jar;D:\Recientes\IA\Trabajo\EjemploJNI\build\classes
Launcher Type: SUN_STANDARD

Environment Variables:
JAVA_HOME=C:\Program Files\Java\jdk1.7.0_79
PATH=C:\Program Files\Apache\maven\bin;C:\Program Files\Apache\maven;C:\Program Files\Java\jdk1.7.0_79;C:\ProgramData\Oracle\Java\javapath;C:\Program Files (x86)\NVIDIA Corporation\PhysX\Common;C:\Windows\system32;C:\Windows;C:\Windows\System32\Wbem;C:\Windows\System32\WindowsPowerShell\v1.0\;C:\Program Files (x86)\Rational\common;C:\Program Files (x86)\Skype\Phone\
USERNAME=User
OS=Windows_NT
PROCESSOR_IDENTIFIER=Intel64 Family 6 Model 60 Stepping 3, GenuineIntel



---------------  S Y S T E M  ---------------

OS: Windows 7 , 64 bit Build 7601 Service Pack 1

CPU:total 4 (4 cores per cpu, 1 threads per core) family 6 model 60 stepping 3, cmov, cx8, fxsr, mmx, sse, sse2, sse3, ssse3, sse4.1, sse4.2, popcnt, avx, avx2, aes, clmul, erms, lzcnt, tsc, tscinvbit, bmi1, bmi2

Memory: 4k page, physical 8273776k(2416188k free), swap 16545708k(9924856k free)

vm_info: Java HotSpot(TM) 64-Bit Server VM (25.25-b02) for windows-amd64 JRE (1.8.0_25-b18), built on Oct  7 2014 14:25:37 by "java_re" with MS VC++ 10.0 (VS2010)

time: Wed Jul 08 16:24:27 2015
elapsed time: 3 seconds (0d 0h 0m 3s)

