#
# A fatal error has been detected by the Java Runtime Environment:
#
#  EXCEPTION_ACCESS_VIOLATION (0xc0000005) at pc=0x000000018001bf74, pid=5560, tid=11992
#
# JRE version: Java(TM) SE Runtime Environment (7.0_51-b13) (build 1.7.0_51-b13)
# Java VM: Java HotSpot(TM) 64-Bit Server VM (24.51-b03 mixed mode windows-amd64 compressed oops)
# Problematic frame:
# C  [CLIPSJNI.dll+0x1bf74]
#
# Failed to write core dump. Minidumps are not enabled by default on client versions of Windows
#
# If you would like to submit a bug report, please visit:
#   http://bugreport.sun.com/bugreport/crash.jsp
# The crash happened outside the Java Virtual Machine in native code.
# See problematic frame for where to report the bug.
#

---------------  T H R E A D  ---------------

Current thread (0x00000000098b3000):  JavaThread "AWT-EventQueue-0" [_thread_in_native, id=11992, stack(0x000000000a820000,0x000000000a920000)]

siginfo: ExceptionCode=0xc0000005, reading address 0x000000000000000c

Registers:
RAX=0x000000000d889c90, RBX=0x00000000098b31e8, RCX=0x0000000000000000, RDX=0x000000000a91ced8
RSP=0x000000000a91cdd0, RBP=0x000000000a91cea8, RSI=0x00000000c4342870, RDI=0x000000000b02e9d0
R8 =0x000000000b02e9d0, R9 =0x00000000000000db, R10=0x0000000002472a24, R11=0x00000000706bfaf0
R12=0x0000000000000000, R13=0x00000000c47fa520, R14=0x000000000a91ced8, R15=0x00000000098b3000
RIP=0x000000018001bf74, EFLAGS=0x0000000000010202

Top of Stack: (sp=0x000000000a91cdd0)
0x000000000a91cdd0:   0000000000000000 00000000c40558b8
0x000000000a91cde0:   0000000000000000 000000000a91ce30
0x000000000a91cdf0:   000000000b02e9d0 0000000180013f2d
0x000000000a91ce00:   0000000000000000 0000000000000000
0x000000000a91ce10:   0000000000000000 0000000000000000
0x000000000a91ce20:   00000000024662d3 0000000002472a50
0x000000000a91ce30:   00000000c47fa520 00000000c3e00010
0x000000000a91ce40:   000000000000001c 0000000000000000
0x000000000a91ce50:   00009ed4e267c890 0000000000000248
0x000000000a91ce60:   00000000098b3000 000000000a91ce68
0x000000000a91ce70:   0000000000000000 000000000a91ced8
0x000000000a91ce80:   00000000c47fde38 0000000000000000
0x000000000a91ce90:   00000000c47fa520 0000000000000000
0x000000000a91cea0:   000000000a91cec8 000000000a91cf20
0x000000000a91ceb0:   00000000024660f8 0000000000000000
0x000000000a91cec0:   000000000246f0d8 000000000b02e9d0 

Instructions: (pc=0x000000018001bf74)
0x000000018001bf54:   cc cc cc cc cc cc cc cc cc cc cc cc 40 57 48 83
0x000000018001bf64:   ec 20 48 8b 41 28 48 8b f9 48 8b 88 50 01 00 00
0x000000018001bf74:   83 79 0c 00 0f 85 0d 02 00 00 c7 41 0c 01 00 00
0x000000018001bf84:   00 48 8b 47 28 48 89 74 24 38 48 8b 90 50 01 00 


Register to memory mapping:

RAX=0x000000000d889c90 is an unknown value
RBX=0x00000000098b31e8 is an unknown value
RCX=0x0000000000000000 is an unknown value
RDX=0x000000000a91ced8 is pointing into the stack for thread: 0x00000000098b3000
RSP=0x000000000a91cdd0 is pointing into the stack for thread: 0x00000000098b3000
RBP=0x000000000a91cea8 is pointing into the stack for thread: 0x00000000098b3000
RSI=0x00000000c4342870 is an oop
{instance class} 
 - klass: {other class}
RDI=0x000000000b02e9d0 is an unknown value
R8 =0x000000000b02e9d0 is an unknown value
R9 =0x00000000000000db is an unknown value
R10=0x0000000002472a24 is at code_begin+644 in an Interpreter codelet
method entry point (kind = native)  [0x00000000024727a0, 0x0000000002473040]  2208 bytes
R11=0x00000000706bfaf0 is an unknown value
R12=0x0000000000000000 is an unknown value
R13=0x00000000c47fa520 is an oop
{method} 
 - klass: {other class}
R14=0x000000000a91ced8 is pointing into the stack for thread: 0x00000000098b3000
R15=0x00000000098b3000 is a thread


Stack: [0x000000000a820000,0x000000000a920000],  sp=0x000000000a91cdd0,  free space=1011k
Native frames: (J=compiled Java code, j=interpreted, Vv=VM code, C=native code)
C  [CLIPSJNI.dll+0x1bf74]
j  CLIPSJNI.Environment.reset()V+5
j  ejemplojni.Principal.btnContinuarActionPerformed(Ljava/awt/event/ActionEvent;)V+4
j  ejemplojni.Principal.access$000(Lejemplojni/Principal;Ljava/awt/event/ActionEvent;)V+2
j  ejemplojni.Principal$1.actionPerformed(Ljava/awt/event/ActionEvent;)V+5
j  javax.swing.AbstractButton.fireActionPerformed(Ljava/awt/event/ActionEvent;)V+84
j  javax.swing.AbstractButton$Handler.actionPerformed(Ljava/awt/event/ActionEvent;)V+5
j  javax.swing.DefaultButtonModel.fireActionPerformed(Ljava/awt/event/ActionEvent;)V+35
j  javax.swing.DefaultButtonModel.setPressed(Z)V+117
j  javax.swing.plaf.basic.BasicButtonListener.mouseReleased(Ljava/awt/event/MouseEvent;)V+35
j  java.awt.Component.processMouseEvent(Ljava/awt/event/MouseEvent;)V+64
j  javax.swing.JComponent.processMouseEvent(Ljava/awt/event/MouseEvent;)V+23
j  java.awt.Component.processEvent(Ljava/awt/AWTEvent;)V+81
j  java.awt.Container.processEvent(Ljava/awt/AWTEvent;)V+18
j  java.awt.Component.dispatchEventImpl(Ljava/awt/AWTEvent;)V+581
j  java.awt.Container.dispatchEventImpl(Ljava/awt/AWTEvent;)V+42
j  java.awt.Component.dispatchEvent(Ljava/awt/AWTEvent;)V+2
j  java.awt.LightweightDispatcher.retargetMouseEvent(Ljava/awt/Component;ILjava/awt/event/MouseEvent;)V+327
j  java.awt.LightweightDispatcher.processMouseEvent(Ljava/awt/event/MouseEvent;)Z+139
j  java.awt.LightweightDispatcher.dispatchEvent(Ljava/awt/AWTEvent;)Z+50
j  java.awt.Container.dispatchEventImpl(Ljava/awt/AWTEvent;)V+12
j  java.awt.Window.dispatchEventImpl(Ljava/awt/AWTEvent;)V+19
j  java.awt.Component.dispatchEvent(Ljava/awt/AWTEvent;)V+2
j  java.awt.EventQueue.dispatchEventImpl(Ljava/awt/AWTEvent;Ljava/lang/Object;)V+41
j  java.awt.EventQueue.access$200(Ljava/awt/EventQueue;Ljava/awt/AWTEvent;Ljava/lang/Object;)V+3
j  java.awt.EventQueue$3.run()Ljava/lang/Void;+12
j  java.awt.EventQueue$3.run()Ljava/lang/Object;+1
v  ~StubRoutines::call_stub

Java frames: (J=compiled Java code, j=interpreted, Vv=VM code)
j  CLIPSJNI.Environment.reset(J)V+0
j  CLIPSJNI.Environment.reset()V+5
j  ejemplojni.Principal.btnContinuarActionPerformed(Ljava/awt/event/ActionEvent;)V+4
j  ejemplojni.Principal.access$000(Lejemplojni/Principal;Ljava/awt/event/ActionEvent;)V+2
j  ejemplojni.Principal$1.actionPerformed(Ljava/awt/event/ActionEvent;)V+5
j  javax.swing.AbstractButton.fireActionPerformed(Ljava/awt/event/ActionEvent;)V+84
j  javax.swing.AbstractButton$Handler.actionPerformed(Ljava/awt/event/ActionEvent;)V+5
j  javax.swing.DefaultButtonModel.fireActionPerformed(Ljava/awt/event/ActionEvent;)V+35
j  javax.swing.DefaultButtonModel.setPressed(Z)V+117
j  javax.swing.plaf.basic.BasicButtonListener.mouseReleased(Ljava/awt/event/MouseEvent;)V+35
j  java.awt.Component.processMouseEvent(Ljava/awt/event/MouseEvent;)V+64
j  javax.swing.JComponent.processMouseEvent(Ljava/awt/event/MouseEvent;)V+23
j  java.awt.Component.processEvent(Ljava/awt/AWTEvent;)V+81
j  java.awt.Container.processEvent(Ljava/awt/AWTEvent;)V+18
j  java.awt.Component.dispatchEventImpl(Ljava/awt/AWTEvent;)V+581
j  java.awt.Container.dispatchEventImpl(Ljava/awt/AWTEvent;)V+42
j  java.awt.Component.dispatchEvent(Ljava/awt/AWTEvent;)V+2
j  java.awt.LightweightDispatcher.retargetMouseEvent(Ljava/awt/Component;ILjava/awt/event/MouseEvent;)V+327
j  java.awt.LightweightDispatcher.processMouseEvent(Ljava/awt/event/MouseEvent;)Z+139
j  java.awt.LightweightDispatcher.dispatchEvent(Ljava/awt/AWTEvent;)Z+50
j  java.awt.Container.dispatchEventImpl(Ljava/awt/AWTEvent;)V+12
j  java.awt.Window.dispatchEventImpl(Ljava/awt/AWTEvent;)V+19
j  java.awt.Component.dispatchEvent(Ljava/awt/AWTEvent;)V+2
j  java.awt.EventQueue.dispatchEventImpl(Ljava/awt/AWTEvent;Ljava/lang/Object;)V+41
j  java.awt.EventQueue.access$200(Ljava/awt/EventQueue;Ljava/awt/AWTEvent;Ljava/lang/Object;)V+3
j  java.awt.EventQueue$3.run()Ljava/lang/Void;+12
j  java.awt.EventQueue$3.run()Ljava/lang/Object;+1
v  ~StubRoutines::call_stub
j  java.security.AccessController.doPrivileged(Ljava/security/PrivilegedAction;Ljava/security/AccessControlContext;)Ljava/lang/Object;+0
j  java.security.ProtectionDomain$1.doIntersectionPrivilege(Ljava/security/PrivilegedAction;Ljava/security/AccessControlContext;Ljava/security/AccessControlContext;)Ljava/lang/Object;+28
j  java.security.ProtectionDomain$1.doIntersectionPrivilege(Ljava/security/PrivilegedAction;Ljava/security/AccessControlContext;)Ljava/lang/Object;+6
j  java.awt.EventQueue$4.run()Ljava/lang/Void;+11
j  java.awt.EventQueue$4.run()Ljava/lang/Object;+1
v  ~StubRoutines::call_stub
j  java.security.AccessController.doPrivileged(Ljava/security/PrivilegedAction;Ljava/security/AccessControlContext;)Ljava/lang/Object;+0
j  java.security.ProtectionDomain$1.doIntersectionPrivilege(Ljava/security/PrivilegedAction;Ljava/security/AccessControlContext;Ljava/security/AccessControlContext;)Ljava/lang/Object;+28
j  java.awt.EventQueue.dispatchEvent(Ljava/awt/AWTEvent;)V+73
j  java.awt.EventDispatchThread.pumpOneEventForFilters(I)V+245
j  java.awt.EventDispatchThread.pumpEventsForFilter(ILjava/awt/Conditional;Ljava/awt/EventFilter;)V+35
j  java.awt.EventDispatchThread.pumpEventsForHierarchy(ILjava/awt/Conditional;Ljava/awt/Component;)V+11
j  java.awt.EventDispatchThread.pumpEvents(ILjava/awt/Conditional;)V+4
j  java.awt.EventDispatchThread.pumpEvents(Ljava/awt/Conditional;)V+3
j  java.awt.EventDispatchThread.run()V+9
v  ~StubRoutines::call_stub

---------------  P R O C E S S  ---------------

Java Threads: ( => current thread )
  0x00000000099b1000 JavaThread "TimerQueue" daemon [_thread_blocked, id=11552, stack(0x0000000011770000,0x0000000011870000)]
  0x000000000ddab000 JavaThread "D3D Screen Updater" daemon [_thread_blocked, id=7060, stack(0x000000000f160000,0x000000000f260000)]
  0x0000000002360800 JavaThread "DestroyJavaVM" [_thread_blocked, id=1668, stack(0x00000000021e0000,0x00000000022e0000)]
=>0x00000000098b3000 JavaThread "AWT-EventQueue-0" [_thread_in_native, id=11992, stack(0x000000000a820000,0x000000000a920000)]
  0x0000000007e68000 JavaThread "AWT-Windows" daemon [_thread_in_native, id=12696, stack(0x000000000a160000,0x000000000a260000)]
  0x0000000007e2c000 JavaThread "AWT-Shutdown" [_thread_blocked, id=9796, stack(0x000000000a060000,0x000000000a160000)]
  0x0000000007e2b800 JavaThread "Java2D Disposer" daemon [_thread_blocked, id=11504, stack(0x0000000009f60000,0x000000000a060000)]
  0x0000000007e09000 JavaThread "Service Thread" daemon [_thread_blocked, id=3512, stack(0x0000000009560000,0x0000000009660000)]
  0x0000000007df6000 JavaThread "C2 CompilerThread1" daemon [_thread_blocked, id=9660, stack(0x0000000009460000,0x0000000009560000)]
  0x0000000007df4000 JavaThread "C2 CompilerThread0" daemon [_thread_blocked, id=7316, stack(0x0000000009360000,0x0000000009460000)]
  0x0000000007df3000 JavaThread "Attach Listener" daemon [_thread_blocked, id=8840, stack(0x0000000009260000,0x0000000009360000)]
  0x0000000007df0000 JavaThread "Signal Dispatcher" daemon [_thread_blocked, id=8448, stack(0x0000000009160000,0x0000000009260000)]
  0x0000000007db7800 JavaThread "Finalizer" daemon [_thread_blocked, id=10856, stack(0x0000000009060000,0x0000000009160000)]
  0x0000000007db2000 JavaThread "Reference Handler" daemon [_thread_blocked, id=6560, stack(0x0000000008f60000,0x0000000009060000)]

Other Threads:
  0x0000000007db0800 VMThread [stack: 0x0000000008e60000,0x0000000008f60000] [id=9092]
  0x0000000007e13000 WatcherThread [stack: 0x0000000009660000,0x0000000009760000] [id=9492]

VM state:not at safepoint (normal execution)

VM Mutex/Monitor currently owned by a thread: None

Heap
 PSYoungGen      total 16896K, used 12245K [0x00000000eda00000, 0x00000000eec80000, 0x0000000100000000)
  eden space 14848K, 82% used [0x00000000eda00000,0x00000000ee5f5688,0x00000000ee880000)
  from space 2048K, 0% used [0x00000000eea80000,0x00000000eea80000,0x00000000eec80000)
  to   space 2048K, 0% used [0x00000000ee880000,0x00000000ee880000,0x00000000eea80000)
 ParOldGen       total 37376K, used 0K [0x00000000c8e00000, 0x00000000cb280000, 0x00000000eda00000)
  object space 37376K, 0% used [0x00000000c8e00000,0x00000000c8e00000,0x00000000cb280000)
 PSPermGen       total 21504K, used 13079K [0x00000000c3c00000, 0x00000000c5100000, 0x00000000c8e00000)
  object space 21504K, 60% used [0x00000000c3c00000,0x00000000c48c5f88,0x00000000c5100000)

Card table byte_map: [0x0000000005520000,0x0000000005710000] byte_map_base: 0x0000000004f02000

Polling page: 0x00000000022e0000

Code Cache  [0x0000000002460000, 0x00000000026d0000, 0x0000000005460000)
 total_blobs=577 nmethods=98 adapters=432 free_code_cache=48423Kb largest_free_block=49551936

Compilation events (10 events):
Event: 12.904 Thread 0x0000000007df4000   94             java.awt.AWTEvent::getID (5 bytes)
Event: 12.905 Thread 0x0000000007df4000 nmethod 94 0x0000000002517010 code [0x0000000002517140, 0x0000000002517198]
Event: 12.968 Thread 0x0000000007df6000   95   !         java.awt.Container::getMouseEventTargetImpl (255 bytes)
Event: 12.995 Thread 0x0000000007df6000 nmethod 95 0x0000000002519e50 code [0x000000000251a020, 0x000000000251ab38]
Event: 13.084 Thread 0x0000000007df4000   96             java.util.concurrent.locks.AbstractQueuedSynchronizer::compareAndSetState (13 bytes)
Event: 13.085 Thread 0x0000000007df4000 nmethod 96 0x00000000025184d0 code [0x0000000002518600, 0x0000000002518658]
Event: 13.196 Thread 0x0000000007df6000   97             java.util.concurrent.locks.AbstractQueuedSynchronizer::release (33 bytes)
Event: 13.203 Thread 0x0000000007df6000 nmethod 97 0x0000000002518050 code [0x00000000025181a0, 0x0000000002518368]
Event: 13.401 Thread 0x0000000007df4000   98             java.lang.String::equals (81 bytes)
Event: 13.408 Thread 0x0000000007df4000 nmethod 98 0x0000000002517bd0 code [0x0000000002517d20, 0x0000000002517f38]

GC Heap History (0 events):
No events

Deoptimization events (6 events):
Event: 2.254 Thread 0x00000000099b1000 Uncommon trap: reason=range_check action=make_not_entrant pc=0x00000000024e8bac method=java.awt.image.DirectColorModel.setFields()V @ 65
Event: 3.980 Thread 0x00000000098b3000 Uncommon trap: reason=predicate action=maybe_recompile pc=0x00000000024f3068 method=java.util.ArrayList.indexOf(Ljava/lang/Object;)I @ 44
Event: 6.993 Thread 0x00000000098b3000 Uncommon trap: reason=class_check action=maybe_recompile pc=0x00000000024d1b04 method=java.lang.String.equals(Ljava/lang/Object;)Z @ 8
Event: 6.993 Thread 0x00000000098b3000 Uncommon trap: reason=class_check action=maybe_recompile pc=0x00000000024d1b04 method=java.lang.String.equals(Ljava/lang/Object;)Z @ 8
Event: 8.212 Thread 0x00000000098b3000 Uncommon trap: reason=class_check action=maybe_recompile pc=0x00000000024d1b04 method=java.lang.String.equals(Ljava/lang/Object;)Z @ 8
Event: 8.340 Thread 0x00000000098b3000 Uncommon trap: reason=class_check action=maybe_recompile pc=0x00000000024d1b04 method=java.lang.String.equals(Ljava/lang/Object;)Z @ 8

Internal exceptions (10 events):
Event: 4.130 Thread 0x00000000098b3000 Threw 0x00000000ee40c938 at C:\re\jdk7u51\527\hotspot\src\share\vm\prims\jvm.cpp:1244
Event: 4.131 Thread 0x00000000098b3000 Threw 0x00000000ee40f808 at C:\re\jdk7u51\527\hotspot\src\share\vm\prims\jvm.cpp:1244
Event: 4.132 Thread 0x00000000098b3000 Threw 0x00000000ee411470 at C:\re\jdk7u51\527\hotspot\src\share\vm\prims\jvm.cpp:1244
Event: 4.133 Thread 0x00000000098b3000 Threw 0x00000000ee4130c0 at C:\re\jdk7u51\527\hotspot\src\share\vm\prims\jvm.cpp:1244
Event: 4.134 Thread 0x00000000098b3000 Threw 0x00000000ee414ba0 at C:\re\jdk7u51\527\hotspot\src\share\vm\prims\jvm.cpp:1244
Event: 4.134 Thread 0x00000000098b3000 Threw 0x00000000ee4168d8 at C:\re\jdk7u51\527\hotspot\src\share\vm\prims\jvm.cpp:1244
Event: 4.135 Thread 0x00000000098b3000 Threw 0x00000000ee4187b0 at C:\re\jdk7u51\527\hotspot\src\share\vm\prims\jvm.cpp:1244
Event: 4.136 Thread 0x00000000098b3000 Threw 0x00000000ee41a178 at C:\re\jdk7u51\527\hotspot\src\share\vm\prims\jvm.cpp:1244
Event: 4.137 Thread 0x00000000098b3000 Threw 0x00000000ee41c8d8 at C:\re\jdk7u51\527\hotspot\src\share\vm\prims\jvm.cpp:1244
Event: 4.138 Thread 0x00000000098b3000 Threw 0x00000000ee41ef08 at C:\re\jdk7u51\527\hotspot\src\share\vm\prims\jvm.cpp:1244

Events (10 events):
Event: 8.344 loading class 0x000000000999a820
Event: 8.344 loading class 0x000000000999a820 done
Event: 8.344 loading class 0x000000000999a850
Event: 8.344 loading class 0x000000000999a850 done
Event: 8.856 loading class 0x000000000999ba40
Event: 8.856 loading class 0x000000000999ba40 done
Event: 8.857 loading class 0x000000000999bac0
Event: 8.857 loading class 0x000000000999bac0 done
Event: 9.681 loading class 0x00000000097effa0
Event: 9.681 loading class 0x00000000097effa0 done


Dynamic libraries:
0x00007ff7cf1f0000 - 0x00007ff7cf223000 	C:\Program Files\Java\jdk1.7.0_51\bin\java.exe
0x00007ff9653f0000 - 0x00007ff9655c2000 	C:\WINDOWS\SYSTEM32\ntdll.dll
0x00007ff963b90000 - 0x00007ff963c3c000 	C:\WINDOWS\System32\KERNEL32.DLL
0x00007ff961be0000 - 0x00007ff961dfd000 	C:\WINDOWS\System32\KERNELBASE.dll
0x00007ff963c70000 - 0x00007ff963d12000 	C:\WINDOWS\System32\ADVAPI32.dll
0x00007ff962c30000 - 0x00007ff962cce000 	C:\WINDOWS\System32\msvcrt.dll
0x00007ff962bb0000 - 0x00007ff962c09000 	C:\WINDOWS\System32\sechost.dll
0x00007ff963950000 - 0x00007ff963a71000 	C:\WINDOWS\System32\RPCRT4.dll
0x00007ff963100000 - 0x00007ff963265000 	C:\WINDOWS\System32\USER32.dll
0x00007ff961b20000 - 0x00007ff961b3e000 	C:\WINDOWS\System32\win32u.dll
0x00007ff963b50000 - 0x00007ff963b84000 	C:\WINDOWS\System32\GDI32.dll
0x00007ff9619a0000 - 0x00007ff961b20000 	C:\WINDOWS\System32\gdi32full.dll
0x00007ff9587c0000 - 0x00007ff958a3a000 	C:\WINDOWS\WinSxS\amd64_microsoft.windows.common-controls_6595b64144ccf1df_6.0.14393.953_none_42151e83c686086b\COMCTL32.dll
0x00007ff962cd0000 - 0x00007ff962f98000 	C:\WINDOWS\System32\combase.dll
0x00007ff962080000 - 0x00007ff962175000 	C:\WINDOWS\System32\ucrtbase.dll
0x00007ff962910000 - 0x00007ff96297a000 	C:\WINDOWS\System32\bcryptPrimitives.dll
0x00007ff963c40000 - 0x00007ff963c6e000 	C:\WINDOWS\System32\IMM32.DLL
0x0000000071650000 - 0x0000000071722000 	C:\Program Files\Java\jdk1.7.0_51\jre\bin\msvcr100.dll
0x00000000704e0000 - 0x0000000070ca9000 	C:\Program Files\Java\jdk1.7.0_51\jre\bin\server\jvm.dll
0x00007ff963410000 - 0x00007ff963418000 	C:\WINDOWS\System32\PSAPI.DLL
0x00007ff959600000 - 0x00007ff959609000 	C:\WINDOWS\SYSTEM32\WSOCK32.dll
0x00007ff963a80000 - 0x00007ff963aea000 	C:\WINDOWS\System32\WS2_32.dll
0x00007ff95fdc0000 - 0x00007ff95fde3000 	C:\WINDOWS\SYSTEM32\WINMM.dll
0x00007ff95fd90000 - 0x00007ff95fdbb000 	C:\WINDOWS\SYSTEM32\WINMMBASE.dll
0x00007ff9628c0000 - 0x00007ff962902000 	C:\WINDOWS\System32\cfgmgr32.dll
0x0000000071600000 - 0x000000007160f000 	C:\Program Files\Java\jdk1.7.0_51\jre\bin\verify.dll
0x00000000715d0000 - 0x00000000715f8000 	C:\Program Files\Java\jdk1.7.0_51\jre\bin\java.dll
0x00000000715b0000 - 0x00000000715c5000 	C:\Program Files\Java\jdk1.7.0_51\jre\bin\zip.dll
0x00000000713d0000 - 0x0000000071565000 	C:\Program Files\Java\jdk1.7.0_51\jre\bin\awt.dll
0x00007ff962a50000 - 0x00007ff962b0f000 	C:\WINDOWS\System32\OLEAUT32.dll
0x00007ff961b40000 - 0x00007ff961bdc000 	C:\WINDOWS\System32\msvcp_win.dll
0x00007ff95fee0000 - 0x00007ff95ff5a000 	C:\WINDOWS\SYSTEM32\apphelp.dll
0x00007ff960080000 - 0x00007ff960115000 	C:\WINDOWS\system32\uxtheme.dll
0x00007ff962fa0000 - 0x00007ff9630fa000 	C:\WINDOWS\System32\MSCTF.dll
0x00007ff95f760000 - 0x00007ff95f786000 	C:\WINDOWS\system32\dwmapi.dll
0x00007ff9652a0000 - 0x00007ff9653d8000 	C:\WINDOWS\System32\ole32.dll
0x00007ff9618b0000 - 0x00007ff9618bf000 	C:\WINDOWS\System32\kernel.appcore.dll
0x00007ff963d80000 - 0x00007ff965288000 	C:\WINDOWS\System32\SHELL32.dll
0x00007ff962180000 - 0x00007ff962858000 	C:\WINDOWS\System32\windows.storage.dll
0x00007ff961860000 - 0x00007ff9618ac000 	C:\WINDOWS\System32\powrprof.dll
0x00007ff963d20000 - 0x00007ff963d72000 	C:\WINDOWS\System32\shlwapi.dll
0x00007ff961fd0000 - 0x00007ff962079000 	C:\WINDOWS\System32\shcore.dll
0x00007ff9618d0000 - 0x00007ff9618e4000 	C:\WINDOWS\System32\profapi.dll
0x0000000071380000 - 0x00000000713c7000 	C:\Program Files\Java\jdk1.7.0_51\jre\bin\fontmanager.dll
0x00007ff941320000 - 0x00007ff9414ad000 	C:\WINDOWS\system32\d3d9.dll
0x00007ff95d6d0000 - 0x00007ff95d832000 	C:\WINDOWS\SYSTEM32\aticfx64.dll
0x00007ff95d6c0000 - 0x00007ff95d6ca000 	C:\WINDOWS\SYSTEM32\VERSION.dll
0x00007ff955000000 - 0x00007ff955021000 	C:\WINDOWS\SYSTEM32\atiu9p64.dll
0x00007ff9396b0000 - 0x00007ff939f0a000 	C:\WINDOWS\SYSTEM32\atiumd64.dll
0x000000006fbd0000 - 0x0000000070456000 	C:\WINDOWS\SYSTEM32\atiumd6a.dll
0x0000000071590000 - 0x00000000715a9000 	C:\Program Files\Java\jdk1.7.0_51\jre\bin\net.dll
0x00007ff961190000 - 0x00007ff9611ec000 	C:\WINDOWS\system32\mswsock.dll
0x0000000071570000 - 0x0000000071581000 	C:\Program Files\Java\jdk1.7.0_51\jre\bin\nio.dll
0x000000006db80000 - 0x000000006dbb0000 	C:\Program Files\Java\jdk1.7.0_51\jre\bin\jpeg.dll
0x00007ff962b10000 - 0x00007ff962baf000 	C:\WINDOWS\System32\clbcatq.dll
0x00007ff95f1f0000 - 0x00007ff95f398000 	C:\WINDOWS\SYSTEM32\WindowsCodecs.dll
0x00007ff955430000 - 0x00007ff955479000 	C:\WINDOWS\system32\dataexchange.dll
0x00007ff95df50000 - 0x00007ff95e206000 	C:\WINDOWS\system32\d3d11.dll
0x00007ff95f8b0000 - 0x00007ff95fa01000 	C:\WINDOWS\system32\dcomp.dll
0x00007ff960900000 - 0x00007ff96099f000 	C:\WINDOWS\system32\dxgi.dll
0x00007ff960420000 - 0x00007ff96053c000 	C:\WINDOWS\system32\twinapi.appcore.dll
0x00007ff9617a0000 - 0x00007ff9617cb000 	C:\WINDOWS\system32\bcrypt.dll
0x0000000070490000 - 0x00000000704d1000 	C:\Program Files\Java\jdk1.7.0_51\jre\bin\t2k.dll
0x0000000180000000 - 0x000000018012d000 	C:\Windows\System32\CLIPSJNI.dll
0x0000000070460000 - 0x000000007048a000 	C:\Program Files\Java\jdk1.7.0_51\jre\bin\dcpr.dll
0x00007ff957bb0000 - 0x00007ff957d42000 	C:\WINDOWS\SYSTEM32\dbghelp.dll

VM Arguments:
jvm_args: -Dfile.encoding=UTF-8 
java_command: ejemplojni.Principal
Launcher Type: SUN_STANDARD

Environment Variables:
JAVA_HOME=C:\Program Files\Java\jdk1.7.0_51
JRE_HOME=C:\Program Files\Java\jre7
PATH=C:\RailsInstaller\Git\cmd;C:\RailsInstaller\Ruby2.2.0\bin;C:\oraclexe\app\oracle\product\11.2.0\server\bin;C:\ProgramData\Oracle\Java\javapath;C:\WINDOWS\system32;C:\WINDOWS;C:\WINDOWS\System32\Wbem;C:\WINDOWS\System32\WindowsPowerShell\v1.0\;c:\Program Files (x86)\ATI Technologies\ATI.ACE\Core-Static;C:\WINDOWS\system32\config\systemprofile\.dnx\bin;C:\Program Files\Microsoft DNX\Dnvm\;C:\Program Files\Microsoft SQL Server\130\Tools\Binn\;C:\Python27;C:\Program Files (x86)\Brackets\command;C:\Program Files (x86)\GtkSharp\2.12\bin;C:\Program Files\Git\cmd;C:\Program Files\nodejs\;C:\Users\jeobal\AppData\Local\Programs\Python\Python35-32\Scripts\;C:\wamp64\bin\mysql\mysql5.7.14\bin;C:\Users\jeobal\AppData\Local\Programs\Python\Python35-32\;C:\Python27;C:\Users\jeobal\AppData\Local\Microsoft\WindowsApps;C:\Program Files (x86)\Microsoft VS Code\bin;C:\Program Files\Heroku\bin;C:\Program Files\Microsoft VS Code\bin;C:\Users\jeobal\AppData\Roaming\npm
USERNAME=jeobal
OS=Windows_NT
PROCESSOR_IDENTIFIER=AMD64 Family 22 Model 48 Stepping 1, AuthenticAMD



---------------  S Y S T E M  ---------------

OS: Windows 8 , 64 bit Build 9200 

CPU:total 4 (4 cores per cpu, 1 threads per core) family 22 model 48 stepping 1, cmov, cx8, fxsr, mmx, sse, sse2, sse3, ssse3, sse4.1, sse4.2, popcnt, avx, aes, mmxext, 3dnowpref, lzcnt, sse4a, tsc, tscinvbit, tscinv

Memory: 4k page, physical 3604736k(610308k free), swap 10325760k(4787036k free)

vm_info: Java HotSpot(TM) 64-Bit Server VM (24.51-b03) for windows-amd64 JRE (1.7.0_51-b13), built on Dec 18 2013 18:40:56 by "java_re" with unknown MS VC++:1600

time: Mon Feb 05 10:55:53 2018
elapsed time: 13 seconds

